\BOOKMARK [1][-]{section.1}{\376\377\225\356\230\230\221\315\217\360}{}% 1
\BOOKMARK [2][-]{subsection.1.1}{\376\377\225\356\230\230\200\314\146\157}{section.1}% 2
\BOOKMARK [2][-]{subsection.1.2}{\376\377\225\356\230\230\131\015\217\360}{section.1}% 3
\BOOKMARK [1][-]{section.2}{\376\377\225\356\230\230\122\006\147\220}{}% 4
\BOOKMARK [2][-]{subsection.2.1}{\376\377\225\356\230\230\116\000\122\006\147\220}{section.2}% 5
\BOOKMARK [2][-]{subsection.2.2}{\376\377\225\356\230\230\116\214\122\006\147\220}{section.2}% 6
\BOOKMARK [2][-]{subsection.2.3}{\376\377\225\356\230\230\116\011\122\006\147\220}{section.2}% 7
\BOOKMARK [1][-]{section.3}{\376\377\152\041\127\213\120\107\213\276}{}% 8
\BOOKMARK [1][-]{section.4}{\376\377\173\046\123\367\213\364\146\016}{}% 9
\BOOKMARK [1][-]{section.5}{\376\377\145\160\143\156\230\204\131\004\164\006}{}% 10
\BOOKMARK [2][-]{subsection.5.1}{\376\377\133\144\172\313\150\356\147\227\145\340\166\321\167\143\137\002\136\070\150\300\155\113}{section.5}% 11
\BOOKMARK [2][-]{subsection.5.2}{\376\377\226\217\147\072\150\356\147\227\131\032\221\315\143\322\210\145}{section.5}% 12
\BOOKMARK [1][-]{section.6}{\376\377\225\356\230\230\116\000\152\041\127\213\136\372\172\313\116\016\154\102\211\343}{}% 13
\BOOKMARK [2][-]{subsection.6.1}{\376\377\165\360\156\177\210\150\137\201\116\016\232\330\210\100\201\002\230\204\213\146\166\204\162\171\137\201\122\035\173\133}{section.6}% 14
\BOOKMARK [3][-]{subsubsection.6.1.1}{\376\377\127\372\116\216\227\136\123\302\145\160\171\351\166\370\121\163\166\204\162\171\137\201\122\035\173\133}{subsection.6.1}% 15
\BOOKMARK [3][-]{subsubsection.6.1.2}{\376\377\127\372\116\216\000\040\000V\000I\000F\000\040\213\312\145\255\166\204\121\161\176\277\140\047\211\343\200\046\152\041\127\213}{subsection.6.1}% 16
\BOOKMARK [3][-]{subsubsection.6.1.3}{\376\377\162\171\137\201\116\367\120\074\166\204\123\314\166\356\150\007\207\215\124\010\122\044\133\232}{subsection.6.1}% 17
\BOOKMARK [3][-]{subsubsection.6.1.4}{\376\377\176\323\147\234\122\006\147\220}{subsection.6.1}% 18
\BOOKMARK [2][-]{subsection.6.2}{\376\377\165\360\156\177\210\150\137\201\166\204\215\041\163\056\136\246\221\317\123\026\116\016\173\133\220\011}{section.6}% 19
\BOOKMARK [3][-]{subsubsection.6.2.1}{\376\377\000X\000G\000B\000o\000o\000s\000t\227\136\176\277\140\047\142\337\124\010\136\225\136\247\147\204\136\372}{subsection.6.2}% 20
\BOOKMARK [3][-]{subsubsection.6.2.2}{\376\377\127\372\116\216\124\010\117\134\123\132\137\010\213\272\166\204\000\040\000S\000H\000A\000P\000\040\217\271\226\105\137\122\126\340}{subsection.6.2}% 21
\BOOKMARK [3][-]{subsubsection.6.2.3}{\376\377\165\360\156\177\117\123\215\050\150\070\137\303\162\171\137\201\166\204\121\150\134\100\143\320\176\257}{subsection.6.2}% 22
\BOOKMARK [3][-]{subsubsection.6.2.4}{\376\377\176\323\147\234\122\006\147\220}{subsection.6.2}% 23
\BOOKMARK [2][-]{subsection.6.3}{\376\377\232\330\210\100\201\002\123\321\165\305\230\316\226\151\230\204\213\146\152\041\127\213\147\204\136\372\116\016\232\214\213\301}{section.6}% 24
\BOOKMARK [3][-]{subsubsection.6.3.1}{\376\377\000L\000i\000g\000h\000t\000G\000B\000M\000\040\122\006\174\173\136\225\136\247\116\016\151\202\163\207\146\040\134\004}{subsection.6.3}% 25
\BOOKMARK [3][-]{subsubsection.6.3.2}{\376\377\116\343\116\367\145\117\141\037\116\244\123\311\161\265\143\137\131\061\121\375\145\160\147\204\136\372}{subsection.6.3}% 26
\BOOKMARK [3][-]{subsubsection.6.3.3}{\376\377\127\372\116\216\232\330\145\257\217\307\172\013\166\204\215\035\123\366\145\257\215\205\123\302\145\160\133\373\117\030}{subsection.6.3}% 27
\BOOKMARK [3][-]{subsubsection.6.3.4}{\376\377\121\150\134\100\230\204\213\146\162\171\137\201\221\315\211\201\136\246\166\204\221\317\123\026\143\320\123\326}{subsection.6.3}% 28
\BOOKMARK [3][-]{subsubsection.6.3.5}{\376\377\176\323\147\234\122\006\147\220}{subsection.6.3}% 29
\BOOKMARK [2][-]{subsection.6.4}{\376\377\165\360\156\177\210\150\137\201\116\016\232\330\210\100\201\002\230\204\213\146\166\204\162\171\137\201\173\133\220\011}{section.6}% 30
\BOOKMARK [3][-]{subsubsection.6.4.1}{\376\377\123\314\166\356\150\007\162\171\137\201\172\172\225\364\147\204\136\372\116\016\145\340\221\317\176\262\123\026}{subsection.6.4}% 31
\BOOKMARK [3][-]{subsubsection.6.4.2}{\376\377\127\372\116\216\217\156\136\323\174\373\145\160\166\204\147\000\117\163\174\007\145\160\201\352\220\002\136\224\133\373\117\030}{subsection.6.4}% 32
\BOOKMARK [3][-]{subsubsection.6.4.3}{\376\377\000K\000-\000M\000e\000a\000n\000s\000+\000+\200\132\174\173\217\355\116\343\116\016\215\050\137\303\117\030\123\026}{subsection.6.4}% 33
\BOOKMARK [3][-]{subsubsection.6.4.4}{\376\377\127\372\116\216\164\006\140\363\160\271\215\335\171\273\166\204\123\314\145\110\150\070\137\303\162\171\137\201\204\003\123\326}{subsection.6.4}% 34
\BOOKMARK [3][-]{subsubsection.6.4.5}{\376\377\176\323\147\234\122\006\147\220}{subsection.6.4}% 35
\BOOKMARK [2][-]{subsection.6.5}{\376\377\116\135\171\315\117\123\215\050\133\371\123\321\165\305\230\316\226\151\166\204\215\041\163\056\136\246\135\356\137\002\122\006\147\220}{section.6}% 36
\BOOKMARK [3][-]{subsubsection.6.5.1}{\376\377\147\204\136\372\152\041\127\213}{subsection.6.5}% 37
\BOOKMARK [3][-]{subsubsection.6.5.2}{\376\377\176\323\147\234\122\006\147\220}{subsection.6.5}% 38
\BOOKMARK [1][-]{section.7}{\376\377\225\356\230\230\116\214\152\041\127\213\136\372\172\313\116\016\154\102\211\343}{}% 39
\BOOKMARK [2][-]{subsection.7.1}{\376\377\147\204\136\372\232\330\210\100\201\002\165\307\230\316\226\151\230\204\213\146\122\006\134\102\152\041\127\213}{section.7}% 40
\BOOKMARK [3][-]{subsubsection.7.1.1}{\376\377\227\166\124\021\162\171\137\201\122\145\171\273\116\016\127\372\170\100\146\040\134\004\172\172\225\364\147\204\136\372}{subsection.7.1}% 41
\BOOKMARK [3][-]{subsubsection.7.1.2}{\376\377\140\351\177\132\117\074\161\066\166\356\150\007\121\375\145\160\166\204\147\204\136\372\116\016\152\041\127\213\154\102\211\343}{subsection.7.1}% 42
\BOOKMARK [3][-]{subsubsection.7.1.3}{\376\377\176\323\147\234\122\006\147\220}{subsection.7.1}% 43
\BOOKMARK [2][-]{subsection.7.2}{\376\377\117\116\060\001\116\055\060\001\232\330\116\011\176\247\230\316\226\151\217\223\121\372}{section.7}% 44
\BOOKMARK [3][-]{subsubsection.7.2.1}{\376\377\151\202\163\207\133\306\136\246\172\172\225\364\166\204\227\136\123\302\145\160\221\315\147\204}{subsection.7.2}% 45
\BOOKMARK [3][-]{subsubsection.7.2.2}{\376\377\142\323\142\121\154\342\214\067\133\373\117\030}{subsection.7.2}% 46
\BOOKMARK [3][-]{subsubsection.7.2.3}{\376\377\116\011\176\247\230\316\226\151\123\072\225\364\166\204\201\352\220\002\136\224\165\114\133\232}{subsection.7.2}% 47
\BOOKMARK [3][-]{subsubsection.7.2.4}{\376\377\176\323\147\234\122\006\147\220}{subsection.7.2}% 48
\BOOKMARK [2][-]{subsection.7.3}{\376\377\162\171\137\201\220\011\123\326\116\016\232\330\230\316\226\151\116\272\177\244\176\304\124\010\122\006\147\220}{section.7}% 49
\BOOKMARK [3][-]{subsubsection.7.3.1}{\376\377\121\150\134\100\162\171\137\201\172\172\225\364\221\315\147\204\116\016\116\064\136\212\220\073\217\221\133\371\237\120}{subsection.7.3}% 50
\BOOKMARK [3][-]{subsubsection.7.3.2}{\376\377\162\171\137\201\122\006\134\102\226\010\120\074\143\320\123\326}{subsection.7.3}% 51
\BOOKMARK [3][-]{subsubsection.7.3.3}{\376\377\232\330\123\161\116\272\177\244\162\171\137\201\176\304\124\010\143\026\143\230}{subsection.7.3}% 52
\BOOKMARK [3][-]{subsubsection.7.3.4}{\376\377\176\323\147\234\122\006\147\220}{subsection.7.3}% 53
\BOOKMARK [1][-]{section.8}{\376\377\225\356\230\230\116\011\152\041\127\213\136\372\172\313\116\016\154\102\211\343}{}% 54
\BOOKMARK [2][-]{subsection.8.1}{\376\377\147\204\136\372\131\032\166\356\150\007\117\030\123\026\152\041\127\213}{section.8}% 55
\BOOKMARK [3][-]{subsubsection.8.1.1}{\376\377\121\263\173\126\123\330\221\317\116\016\174\373\176\337\162\266\140\001\143\317\217\360}{subsection.8.1}% 56
\BOOKMARK [3][-]{subsubsection.8.1.2}{\376\377\122\250\140\001\157\024\123\026\147\072\122\066\116\016\162\266\140\001\217\154\171\373\145\271\172\013}{subsection.8.1}% 57
\BOOKMARK [3][-]{subsubsection.8.1.3}{\376\377\131\032\166\356\150\007\117\030\123\026\121\375\145\160\166\204\147\204\136\372}{subsection.8.1}% 58
\BOOKMARK [3][-]{subsubsection.8.1.4}{\376\377\174\373\176\337\176\246\147\137\147\141\116\366\166\204\170\156\133\232}{subsection.8.1}% 59
\BOOKMARK [3][-]{subsubsection.8.1.5}{\376\377\176\323\147\234\122\006\147\220}{subsection.8.1}% 60
\BOOKMARK [2][-]{subsection.8.2}{\376\377\123\071\221\115\211\304\137\213\122\006\147\220}{section.8}% 61
\BOOKMARK [1][-]{section.9}{\376\377\152\041\127\213\117\030\177\072\160\271\116\016\213\304\116\367}{}% 62
\BOOKMARK [2][-]{subsection.9.1}{\376\377\152\041\127\213\166\204\117\030\160\271}{section.9}% 63
\BOOKMARK [2][-]{subsection.9.2}{\376\377\152\041\127\213\116\015\215\263}{section.9}% 64
\BOOKMARK [1][-]{section.10}{\376\377\152\041\127\213\145\071\217\333\116\016\143\250\136\177}{}% 65
\BOOKMARK [2][-]{subsection.10.1}{\376\377\152\041\127\213\145\071\217\333}{section.10}% 66
\BOOKMARK [2][-]{subsection.10.2}{\376\377\152\041\127\213\143\250\136\177}{section.10}% 67
\BOOKMARK [1][-]{section.11}{\376\377\123\302\200\003\145\207\163\056}{}% 68
\BOOKMARK [1][-]{section.12}{\376\377\226\104\137\125}{}% 69
\BOOKMARK [2][-]{subsection.12.1}{\376\377\226\104\137\125\0001\377\032\150\070\137\303\116\343\170\001}{section.12}% 70
\BOOKMARK [3][-]{subsubsection.12.1.1}{\376\377\145\160\143\156\230\204\131\004\164\006}{subsection.12.1}% 71
\BOOKMARK [3][-]{subsubsection.12.1.2}{\376\377\225\356\230\230\116\000}{subsection.12.1}% 72
\BOOKMARK [3][-]{subsubsection.12.1.3}{\376\377\225\356\230\230\116\214}{subsection.12.1}% 73
\BOOKMARK [3][-]{subsubsection.12.1.4}{\376\377\225\356\230\230\116\011}{subsection.12.1}% 74
\BOOKMARK [2][-]{subsection.12.2}{\376\377\226\104\137\125\0002\377\032\166\370\121\163\145\160\143\156}{section.12}% 75
\BOOKMARK [3][-]{subsubsection.12.2.1}{\376\377\225\356\230\230\116\000\377\032\0001\0007\230\171\143\007\150\007\215\041\163\056\136\246\116\016\117\341\140\157\130\236\166\312\120\074}{subsection.12.2}% 76
